# JRE version: Java(TM) SE Runtime Environment (8.0_111-b14) (build 1.8.0_111-b14)
# Java VM: Java HotSpot(TM) 64-Bit Server VM (25.111-b14 mixed mode windows-amd64 compressed oops)
Heap:
 PSYoungGen      total 126464K, used 34881K [0x000000076ad80000, 0x0000000773d80000, 0x00000007c0000000)
  eden space 120832K, 24% used [0x000000076ad80000,0x000000076ca15050,0x0000000772380000)
  from space 5632K, 99% used [0x0000000773800000,0x0000000773d7b6f0,0x0000000773d80000)
  to   space 10752K, 0% used [0x0000000772880000,0x0000000772880000,0x0000000773300000)
 ParOldGen       total 95232K, used 15669K [0x00000006c0800000, 0x00000006c6500000, 0x000000076ad80000)
  object space 95232K, 16% used [0x00000006c0800000,0x00000006c174d4f8,0x00000006c6500000)
 Metaspace       used 22114K, capacity 22517K, committed 22656K, reserved 1069056K
  class space    used 2250K, capacity 2362K, committed 2432K, reserved 1048576K
GC Heap History (10 events):
Event: 8.117 GC heap before
{Heap before GC invocations=1 (full 0):
 PSYoungGen      total 76288K, used 65536K [0x000000076ad80000, 0x0000000770280000, 0x00000007c0000000)
  eden space 65536K, 100% used [0x000000076ad80000,0x000000076ed80000,0x000000076ed80000)
  from space 10752K, 0% used [0x000000076f800000,0x000000076f800000,0x0000000770280000)
  to   space 10752K, 0% used [0x000000076ed80000,0x000000076ed80000,0x000000076f800000)
 ParOldGen       total 175104K, used 0K [0x00000006c0800000, 0x00000006cb300000, 0x000000076ad80000)
  object space 175104K, 0% used [0x00000006c0800000,0x00000006c0800000,0x00000006cb300000)
 Metaspace       used 16726K, capacity 17053K, committed 17280K, reserved 1064960K
  class space    used 1698K, capacity 1805K, committed 1920K, reserved 1048576K
Event: 8.131 GC heap after
Heap after GC invocations=1 (full 0):
 PSYoungGen      total 76288K, used 9815K [0x000000076ad80000, 0x0000000770280000, 0x00000007c0000000)
  eden space 65536K, 0% used [0x000000076ad80000,0x000000076ad80000,0x000000076ed80000)
  from space 10752K, 91% used [0x000000076ed80000,0x000000076f715f50,0x000000076f800000)
  to   space 10752K, 0% used [0x000000076f800000,0x000000076f800000,0x0000000770280000)
 ParOldGen       total 175104K, used 8K [0x00000006c0800000, 0x00000006cb300000, 0x000000076ad80000)
  object space 175104K, 0% used [0x00000006c0800000,0x00000006c0802000,0x00000006cb300000)
 Metaspace       used 16726K, capacity 17053K, committed 17280K, reserved 1064960K
  class space    used 1698K, capacity 1805K, committed 1920K, reserved 1048576K
}
Event: 8.819 GC heap before
{Heap before GC invocations=2 (full 0):
 PSYoungGen      total 76288K, used 69992K [0x000000076ad80000, 0x0000000770280000, 0x00000007c0000000)
  eden space 65536K, 91% used [0x000000076ad80000,0x000000076e844278,0x000000076ed80000)
  from space 10752K, 91% used [0x000000076ed80000,0x000000076f715f50,0x000000076f800000)
  to   space 10752K, 0% used [0x000000076f800000,0x000000076f800000,0x0000000770280000)
 ParOldGen       total 175104K, used 8K [0x00000006c0800000, 0x00000006cb300000, 0x000000076ad80000)
  object space 175104K, 0% used [0x00000006c0800000,0x00000006c0802000,0x00000006cb300000)
 Metaspace       used 19411K, capacity 19647K, committed 20096K, reserved 1067008K
  class space    used 1974K, capacity 2071K, committed 2176K, reserved 1048576K
Event: 8.960 GC heap after
Heap after GC invocations=2 (full 0):
 PSYoungGen      total 76288K, used 6873K [0x000000076ad80000, 0x0000000774280000, 0x00000007c0000000)
  eden space 65536K, 0% used [0x000000076ad80000,0x000000076ad80000,0x000000076ed80000)
  from space 10752K, 63% used [0x000000076f800000,0x000000076feb6500,0x0000000770280000)
  to   space 10752K, 0% used [0x000000076ed80000,0x000000076ed80000,0x000000076f800000)
 ParOldGen       total 175104K, used 104K [0x00000006c0800000, 0x00000006cb300000, 0x000000076ad80000)
  object space 175104K, 0% used [0x00000006c0800000,0x00000006c081a010,0x00000006cb300000)
 Metaspace       used 19411K, capacity 19647K, committed 20096K, reserved 1067008K
  class space    used 1974K, capacity 2071K, committed 2176K, reserved 1048576K
}
Event: 9.507 GC heap before
{Heap before GC invocations=3 (full 0):
 PSYoungGen      total 76288K, used 62711K [0x000000076ad80000, 0x0000000774280000, 0x00000007c0000000)
  eden space 65536K, 85% used [0x000000076ad80000,0x000000076e407918,0x000000076ed80000)
  from space 10752K, 63% used [0x000000076f800000,0x000000076feb6500,0x0000000770280000)
  to   space 10752K, 0% used [0x000000076ed80000,0x000000076ed80000,0x000000076f800000)
 ParOldGen       total 175104K, used 104K [0x00000006c0800000, 0x00000006cb300000, 0x000000076ad80000)
  object space 175104K, 0% used [0x00000006c0800000,0x00000006c081a010,0x00000006cb300000)
 Metaspace       used 20723K, capacity 20995K, committed 21248K, reserved 1069056K
  class space    used 2107K, capacity 2207K, committed 2304K, reserved 1048576K
Event: 9.525 GC heap after
Heap after GC invocations=3 (full 0):
 PSYoungGen      total 76288K, used 10742K [0x000000076ad80000, 0x0000000774280000, 0x00000007c0000000)
  eden space 65536K, 0% used [0x000000076ad80000,0x000000076ad80000,0x000000076ed80000)
  from space 10752K, 99% used [0x000000076ed80000,0x000000076f7fda30,0x000000076f800000)
  to   space 10752K, 0% used [0x0000000773800000,0x0000000773800000,0x0000000774280000)
 ParOldGen       total 175104K, used 5105K [0x00000006c0800000, 0x00000006cb300000, 0x000000076ad80000)
  object space 175104K, 2% used [0x00000006c0800000,0x00000006c0cfc4b0,0x00000006cb300000)
 Metaspace       used 20723K, capacity 20995K, committed 21248K, reserved 1069056K
  class space    used 2107K, capacity 2207K, committed 2304K, reserved 1048576K
}
Event: 9.525 GC heap before
{Heap before GC invocations=4 (full 1):
 PSYoungGen      total 76288K, used 10742K [0x000000076ad80000, 0x0000000774280000, 0x00000007c0000000)
  eden space 65536K, 0% used [0x000000076ad80000,0x000000076ad80000,0x000000076ed80000)
  from space 10752K, 99% used [0x000000076ed80000,0x000000076f7fda30,0x000000076f800000)
  to   space 10752K, 0% used [0x0000000773800000,0x0000000773800000,0x0000000774280000)
 ParOldGen       total 175104K, used 5105K [0x00000006c0800000, 0x00000006cb300000, 0x000000076ad80000)
  object space 175104K, 2% used [0x00000006c0800000,0x00000006c0cfc4b0,0x00000006cb300000)
 Metaspace       used 20723K, capacity 20995K, committed 21248K, reserved 1069056K
  class space    used 2107K, capacity 2207K, committed 2304K, reserved 1048576K
Event: 9.620 GC heap after
Heap after GC invocations=4 (full 1):
 PSYoungGen      total 76288K, used 0K [0x000000076ad80000, 0x0000000774280000, 0x00000007c0000000)
  eden space 65536K, 0% used [0x000000076ad80000,0x000000076ad80000,0x000000076ed80000)
  from space 10752K, 0% used [0x000000076ed80000,0x000000076ed80000,0x000000076f800000)
  to   space 10752K, 0% used [0x0000000773800000,0x0000000773800000,0x0000000774280000)
 ParOldGen       total 95232K, used 15661K [0x00000006c0800000, 0x00000006c6500000, 0x000000076ad80000)
  object space 95232K, 16% used [0x00000006c0800000,0x00000006c174b4f8,0x00000006c6500000)
 Metaspace       used 20723K, capacity 20995K, committed 21248K, reserved 1069056K
  class space    used 2107K, capacity 2207K, committed 2304K, reserved 1048576K
}
Event: 52.689 GC heap before
{Heap before GC invocations=5 (full 1):
 PSYoungGen      total 76288K, used 65536K [0x000000076ad80000, 0x0000000774280000, 0x00000007c0000000)
  eden space 65536K, 100% used [0x000000076ad80000,0x000000076ed80000,0x000000076ed80000)
  from space 10752K, 0% used [0x000000076ed80000,0x000000076ed80000,0x000000076f800000)
  to   space 10752K, 0% used [0x0000000773800000,0x0000000773800000,0x0000000774280000)
 ParOldGen       total 95232K, used 15661K [0x00000006c0800000, 0x00000006c6500000, 0x000000076ad80000)
  object space 95232K, 16% used [0x00000006c0800000,0x00000006c174b4f8,0x00000006c6500000)
 Metaspace       used 21999K, capacity 22357K, committed 22656K, reserved 1069056K
  class space    used 2235K, capacity 2330K, committed 2432K, reserved 1048576K
Event: 52.694 GC heap after
Heap after GC invocations=5 (full 1):
 PSYoungGen      total 126464K, used 5613K [0x000000076ad80000, 0x0000000773d80000, 0x00000007c0000000)
  eden space 120832K, 0% used [0x000000076ad80000,0x000000076ad80000,0x0000000772380000)
  from space 5632K, 99% used [0x0000000773800000,0x0000000773d7b6f0,0x0000000773d80000)
  to   space 10752K, 0% used [0x0000000772880000,0x0000000772880000,0x0000000773300000)
 ParOldGen       total 95232K, used 15669K [0x00000006c0800000, 0x00000006c6500000, 0x000000076ad80000)
  object space 95232K, 16% used [0x00000006c0800000,0x00000006c174d4f8,0x00000006c6500000)
 Metaspace       used 21999K, capacity 22357K, committed 22656K, reserved 1069056K
  class space    used 2235K, capacity 2330K, committed 2432K, reserved 1048576K
}

